<?xml version="1.0" encoding="UTF-8"?>
<testsuite name="TestSampleNative" tests="1" skipped="0" failures="0" errors="0" timestamp="2021-11-14T12:15:57" hostname="DESKTOP-FCVINI6" time="0.004">
  <properties/>
  <testcase name="testHello[native]" classname="TestSampleNative" time="0.004"/>
  <system-out><![CDATA[]]></system-out>
  <system-err><![CDATA[]]></system-err>
</testsuite>
